Using pre-set license
Built from '2020.3/staging' branch; Version is '2020.3.17f1 (a4537701e4ab) revision 10769271'; Using compiler version '192528614'; Build Type 'Release'
OS: 'Windows 10 Pro; OS build 19042.1237; Version 2009; 64bit' Language: 'en' Physical Memory: 16313 MB
BatchMode: 1, IsHumanControllingUs: 0, StartBugReporterOnCrash: 0, Is64bit: 1, IsPro: 0

COMMAND LINE ARGUMENTS:
D:\Unity Editor\2020.3.17f1\Editor\Unity.exe
-adb2
-batchMode
-noUpm
-name
AssetImportWorker0
-projectPath
D:/UIT STUFF/SE100-P0/Da Game
-logFile
Logs/AssetImportWorker0.log
-srvPort
64769
Successfully changed project path to: D:/UIT STUFF/SE100-P0/Da Game
D:/UIT STUFF/SE100-P0/Da Game
Using Asset Import Pipeline V2.
Refreshing native plugins compatible for Editor in 44.45 ms, found 3 plugins.
Preloading 0 native plugins for Editor in 0.00 ms.
Initialize engine version: 2020.3.17f1 (a4537701e4ab)
[Subsystems] Discovering subsystems at path D:/Unity Editor/2020.3.17f1/Editor/Data/Resources/UnitySubsystems
[Subsystems] Discovering subsystems at path D:/UIT STUFF/SE100-P0/Da Game/Assets
GfxDevice: creating device client; threaded=0
Direct3D:
    Version:  Direct3D 11.0 [level 11.1]
    Renderer: NVIDIA GeForce GTX 1660 SUPER (ID=0x21c4)
    Vendor:   
    VRAM:     5991 MB
    Driver:   30.0.14.7168
Initialize mono
Mono path[0] = 'D:/Unity Editor/2020.3.17f1/Editor/Data/Managed'
Mono path[1] = 'D:/Unity Editor/2020.3.17f1/Editor/Data/MonoBleedingEdge/lib/mono/unityjit'
Mono config path = 'D:/Unity Editor/2020.3.17f1/Editor/Data/MonoBleedingEdge/etc'
Using monoOptions --debugger-agent=transport=dt_socket,embedding=1,server=y,suspend=n,address=127.0.0.1:56216
Begin MonoManager ReloadAssembly
Registering precompiled unity dll's ...
Register platform support module: D:/Unity Editor/2020.3.17f1/Editor/Data/PlaybackEngines/WindowsStandaloneSupport/UnityEditor.WindowsStandalone.Extensions.dll
Registered in 0.000936 seconds.
Native extension for WindowsStandalone target not found
Refreshing native plugins compatible for Editor in 45.60 ms, found 3 plugins.
Preloading 0 native plugins for Editor in 0.00 ms.
Mono: successfully reloaded assembly
- Completed reload, in  0.808 seconds
Domain Reload Profiling:
	ReloadAssembly (809ms)
		BeginReloadAssembly (43ms)
			ExecutionOrderSort (0ms)
			DisableScriptedObjects (0ms)
			BackupInstance (0ms)
			ReleaseScriptingObjects (0ms)
			CreateAndSetChildDomain (1ms)
		EndReloadAssembly (363ms)
			LoadAssemblies (42ms)
			RebuildTransferFunctionScriptingTraits (0ms)
			SetupTypeCache (130ms)
			ReleaseScriptCaches (0ms)
			RebuildScriptCaches (26ms)
			SetupLoadedEditorAssemblies (151ms)
				LogAssemblyErrors (0ms)
				InitializePlatformSupportModulesInManaged (3ms)
				SetLoadedEditorAssemblies (0ms)
				RefreshPlugins (46ms)
				BeforeProcessingInitializeOnLoad (14ms)
				ProcessInitializeOnLoadAttributes (63ms)
				ProcessInitializeOnLoadMethodAttributes (24ms)
				AfterProcessingInitializeOnLoad (0ms)
				EditorAssembliesLoaded (0ms)
			ExecutionOrderSort2 (0ms)
			AwakeInstancesAfterBackupRestoration (0ms)
Platform modules already initialized, skipping
Registering precompiled user dll's ...
Registered in 0.002711 seconds.
Begin MonoManager ReloadAssembly
Native extension for WindowsStandalone target not found
Refreshing native plugins compatible for Editor in 46.34 ms, found 3 plugins.
Preloading 0 native plugins for Editor in 0.00 ms.
Mono: successfully reloaded assembly
- Completed reload, in  1.058 seconds
Domain Reload Profiling:
	ReloadAssembly (1059ms)
		BeginReloadAssembly (124ms)
			ExecutionOrderSort (0ms)
			DisableScriptedObjects (4ms)
			BackupInstance (0ms)
			ReleaseScriptingObjects (0ms)
			CreateAndSetChildDomain (17ms)
		EndReloadAssembly (885ms)
			LoadAssemblies (72ms)
			RebuildTransferFunctionScriptingTraits (0ms)
			SetupTypeCache (259ms)
			ReleaseScriptCaches (1ms)
			RebuildScriptCaches (50ms)
			SetupLoadedEditorAssemblies (391ms)
				LogAssemblyErrors (0ms)
				InitializePlatformSupportModulesInManaged (3ms)
				SetLoadedEditorAssemblies (0ms)
				RefreshPlugins (46ms)
				BeforeProcessingInitializeOnLoad (66ms)
				ProcessInitializeOnLoadAttributes (262ms)
				ProcessInitializeOnLoadMethodAttributes (11ms)
				AfterProcessingInitializeOnLoad (2ms)
				EditorAssembliesLoaded (0ms)
			ExecutionOrderSort2 (0ms)
			AwakeInstancesAfterBackupRestoration (6ms)
Platform modules already initialized, skipping
========================================================================
Worker process is ready to serve import requests
Launched and connected shader compiler UnityShaderCompiler.exe after 0.04 seconds
Refreshing native plugins compatible for Editor in 0.56 ms, found 3 plugins.
Preloading 0 native plugins for Editor in 0.00 ms.
Unloading 2395 Unused Serialized files (Serialized files now loaded: 0)
System memory in use before: 123.3 MB.
System memory in use after: 123.5 MB.

Unloading 30 unused Assets to reduce memory usage. Loaded Objects now: 2852.
Total: 3.923600 ms (FindLiveObjects: 0.252700 ms CreateObjectMapping: 0.063400 ms MarkObjects: 3.506200 ms  DeleteObjects: 0.100200 ms)

AssetImportParameters requested are different than current active one (requested -> active):
  custom:framework-win-MediaFoundation: 216162199b28c13a410421893ffa2e32 -> 
  custom:video-decoder-ogg-theora: a1e56fd34408186e4bbccfd4996cb3dc -> 
  custom:container-muxer-webm: aa71ff27fc2769a1b78a27578f13a17b -> 
  custom:container-demuxer-webm: 4f35f7cbe854078d1ac9338744f61a02 -> 
  custom:container-demuxer-ogg: 62fdf1f143b41e24485cea50d1cbac27 -> 
  custom:video-encoder-webm-vp8: eb34c28f22e8b96e1ab97ce403110664 -> 
  custom:video-decoder-webm-vp8: 9c59270c3fd7afecdb556c50c9e8de78 -> 
  custom:audio-decoder-ogg-vorbis: bf7c407c2cedff20999df2af8eb42d56 -> 
  custom:audio-encoder-webm-vorbis: bf7c407c2cedff20999df2af8eb42d56 -> 
========================================================================
Received Import Request.
  path: Assets/Prefabs/SwordSlashPrefab.prefab
  artifactKey: Guid(d5756394fd17aed4aaf8e1e239e8b589) Importer(815301076,1909f56bfc062723c751e8b465ee728b)
Start importing Assets/Prefabs/SwordSlashPrefab.prefab using Guid(d5756394fd17aed4aaf8e1e239e8b589) Importer(815301076,1909f56bfc062723c751e8b465ee728b)  -> (artifact id: '65fa6e060e4480cbcaba2dfc4c935111') in 0.088343 seconds 
  Import took 0.092114 seconds .

========================================================================
Received Import Request.
  Time since last request: 0.000187 seconds.
  path: Assets/Prefabs/BulletPrefab.prefab
  artifactKey: Guid(ebd8def4e971cfa46bbf185de7ffd52b) Importer(815301076,1909f56bfc062723c751e8b465ee728b)
Start importing Assets/Prefabs/BulletPrefab.prefab using Guid(ebd8def4e971cfa46bbf185de7ffd52b) Importer(815301076,1909f56bfc062723c751e8b465ee728b)  -> (artifact id: '45303b4c958a2b755a84ba7cf3f5cca3') in 0.016381 seconds 
  Import took 0.020168 seconds .

========================================================================
Received Import Request.
  Time since last request: 0.000239 seconds.
  path: Assets/Prefabs/BallLightningPrefab.prefab
  artifactKey: Guid(3c1a921af20c9ce4e990a4a57e581b0a) Importer(815301076,1909f56bfc062723c751e8b465ee728b)
Start importing Assets/Prefabs/BallLightningPrefab.prefab using Guid(3c1a921af20c9ce4e990a4a57e581b0a) Importer(815301076,1909f56bfc062723c751e8b465ee728b)  -> (artifact id: '640d94781544cf216253a83582920a1d') in 0.022120 seconds 
  Import took 0.026061 seconds .

========================================================================
Received Import Request.
  Time since last request: 0.000174 seconds.
  path: Assets/Prefabs/SlamEffectPrefab.prefab
  artifactKey: Guid(f6320fd24e43cf34aa28dca9da75ec53) Importer(815301076,1909f56bfc062723c751e8b465ee728b)
Start importing Assets/Prefabs/SlamEffectPrefab.prefab using Guid(f6320fd24e43cf34aa28dca9da75ec53) Importer(815301076,1909f56bfc062723c751e8b465ee728b)  -> (artifact id: '39e9c6ddb535a9c4837aeccdd63f1547') in 0.014283 seconds 
  Import took 0.018129 seconds .

========================================================================
Received Import Request.
  Time since last request: 0.000204 seconds.
  path: Assets/Prefabs/Boss Golem.prefab
  artifactKey: Guid(4f1991d07ad25e1418c921ea884eeba2) Importer(815301076,1909f56bfc062723c751e8b465ee728b)
Start importing Assets/Prefabs/Boss Golem.prefab using Guid(4f1991d07ad25e1418c921ea884eeba2) Importer(815301076,1909f56bfc062723c751e8b465ee728b)  -> (artifact id: 'b2e7a9c6dbd0330eb9d370a8dffcdca1') in 0.015023 seconds 
  Import took 0.020324 seconds .

========================================================================
Received Import Request.
  Time since last request: 0.000185 seconds.
  path: Assets/Prefabs/FireBallPrefab.prefab
  artifactKey: Guid(e3c96377c084858459869b5009b733a7) Importer(815301076,1909f56bfc062723c751e8b465ee728b)
Start importing Assets/Prefabs/FireBallPrefab.prefab using Guid(e3c96377c084858459869b5009b733a7) Importer(815301076,1909f56bfc062723c751e8b465ee728b)  -> (artifact id: '167d949bbd72b3f967be13c8a88b8700') in 0.014060 seconds 
  Import took 0.017749 seconds .

========================================================================
Received Import Request.
  Time since last request: 0.000178 seconds.
  path: Assets/Prefabs/IceShardPrefab.prefab
  artifactKey: Guid(51e17107ac527094890120e3cc848659) Importer(815301076,1909f56bfc062723c751e8b465ee728b)
Start importing Assets/Prefabs/IceShardPrefab.prefab using Guid(51e17107ac527094890120e3cc848659) Importer(815301076,1909f56bfc062723c751e8b465ee728b)  -> (artifact id: '85b45b5fd82e2a124e8c566d3c0905d6') in 0.013076 seconds 
  Import took 0.017222 seconds .

========================================================================
Received Import Request.
  Time since last request: 0.000181 seconds.
  path: Assets/Prefabs/DashPrefab.prefab
  artifactKey: Guid(0b05ca15a39a043498868cd5889f9604) Importer(815301076,1909f56bfc062723c751e8b465ee728b)
Start importing Assets/Prefabs/DashPrefab.prefab using Guid(0b05ca15a39a043498868cd5889f9604) Importer(815301076,1909f56bfc062723c751e8b465ee728b)  -> (artifact id: '3005c3948b94b2319ae41ace88175968') in 0.012441 seconds 
  Import took 0.016204 seconds .

========================================================================
Received Import Request.
  Time since last request: 24.830399 seconds.
  path: Assets/Prefabs/SlamEffectPrefab.prefab
  artifactKey: Guid(f6320fd24e43cf34aa28dca9da75ec53) Importer(815301076,1909f56bfc062723c751e8b465ee728b)
Start importing Assets/Prefabs/SlamEffectPrefab.prefab using Guid(f6320fd24e43cf34aa28dca9da75ec53) Importer(815301076,1909f56bfc062723c751e8b465ee728b)  -> (artifact id: '2d0178af3e7355cf8873cc2efe83f210') in 0.014160 seconds 
  Import took 0.018014 seconds .

========================================================================
Received Import Request.
  Time since last request: 2.167378 seconds.
  path: Assets/Prefabs/SlamEffectPrefab.prefab
  artifactKey: Guid(f6320fd24e43cf34aa28dca9da75ec53) Importer(815301076,1909f56bfc062723c751e8b465ee728b)
Start importing Assets/Prefabs/SlamEffectPrefab.prefab using Guid(f6320fd24e43cf34aa28dca9da75ec53) Importer(815301076,1909f56bfc062723c751e8b465ee728b)  -> (artifact id: 'c194f31ef87a14982d2f967dc5610835') in 0.015559 seconds 
  Import took 0.019567 seconds .

========================================================================
Received Import Request.
  Time since last request: 2.002304 seconds.
  path: Assets/Prefabs/SlamEffectPrefab.prefab
  artifactKey: Guid(f6320fd24e43cf34aa28dca9da75ec53) Importer(815301076,1909f56bfc062723c751e8b465ee728b)
Start importing Assets/Prefabs/SlamEffectPrefab.prefab using Guid(f6320fd24e43cf34aa28dca9da75ec53) Importer(815301076,1909f56bfc062723c751e8b465ee728b)  -> (artifact id: 'ba96f4bd3a8de60ff1711c7e3ffd7a17') in 0.013635 seconds 
  Import took 0.017724 seconds .

========================================================================
Received Import Request.
  Time since last request: 2.204222 seconds.
  path: Assets/Prefabs/SlamEffectPrefab.prefab
  artifactKey: Guid(f6320fd24e43cf34aa28dca9da75ec53) Importer(815301076,1909f56bfc062723c751e8b465ee728b)
Start importing Assets/Prefabs/SlamEffectPrefab.prefab using Guid(f6320fd24e43cf34aa28dca9da75ec53) Importer(815301076,1909f56bfc062723c751e8b465ee728b)  -> (artifact id: 'b622fff58d1c15dcfbd93954f6bcad79') in 0.013628 seconds 
  Import took 0.017547 seconds .

========================================================================
Received Prepare
Registering precompiled user dll's ...
Registered in 0.002631 seconds.
Begin MonoManager ReloadAssembly
Native extension for WindowsStandalone target not found
Refreshing native plugins compatible for Editor in 0.69 ms, found 3 plugins.
Preloading 0 native plugins for Editor in 0.00 ms.
Mono: successfully reloaded assembly
- Completed reload, in  0.960 seconds
Domain Reload Profiling:
	ReloadAssembly (961ms)
		BeginReloadAssembly (107ms)
			ExecutionOrderSort (0ms)
			DisableScriptedObjects (5ms)
			BackupInstance (0ms)
			ReleaseScriptingObjects (0ms)
			CreateAndSetChildDomain (32ms)
		EndReloadAssembly (804ms)
			LoadAssemblies (70ms)
			RebuildTransferFunctionScriptingTraits (0ms)
			SetupTypeCache (254ms)
			ReleaseScriptCaches (1ms)
			RebuildScriptCaches (41ms)
			SetupLoadedEditorAssemblies (343ms)
				LogAssemblyErrors (0ms)
				InitializePlatformSupportModulesInManaged (4ms)
				SetLoadedEditorAssemblies (0ms)
				RefreshPlugins (1ms)
				BeforeProcessingInitializeOnLoad (82ms)
				ProcessInitializeOnLoadAttributes (249ms)
				ProcessInitializeOnLoadMethodAttributes (5ms)
				AfterProcessingInitializeOnLoad (2ms)
				EditorAssembliesLoaded (0ms)
			ExecutionOrderSort2 (0ms)
			AwakeInstancesAfterBackupRestoration (9ms)
Platform modules already initialized, skipping
Refreshing native plugins compatible for Editor in 0.59 ms, found 3 plugins.
Preloading 0 native plugins for Editor in 0.00 ms.
Unloading 2379 Unused Serialized files (Serialized files now loaded: 0)
System memory in use before: 125.4 MB.
System memory in use after: 125.6 MB.

Unloading 18 unused Assets to reduce memory usage. Loaded Objects now: 2862.
Total: 3.441700 ms (FindLiveObjects: 0.247300 ms CreateObjectMapping: 0.063400 ms MarkObjects: 3.108500 ms  DeleteObjects: 0.021300 ms)

AssetImportParameters requested are different than current active one (requested -> active):
  custom:framework-win-MediaFoundation: 216162199b28c13a410421893ffa2e32 -> 
  custom:video-decoder-ogg-theora: a1e56fd34408186e4bbccfd4996cb3dc -> 
  custom:container-muxer-webm: aa71ff27fc2769a1b78a27578f13a17b -> 
  custom:container-demuxer-webm: 4f35f7cbe854078d1ac9338744f61a02 -> 
  custom:container-demuxer-ogg: 62fdf1f143b41e24485cea50d1cbac27 -> 
  custom:video-encoder-webm-vp8: eb34c28f22e8b96e1ab97ce403110664 -> 
  custom:video-decoder-webm-vp8: 9c59270c3fd7afecdb556c50c9e8de78 -> 
  custom:audio-decoder-ogg-vorbis: bf7c407c2cedff20999df2af8eb42d56 -> 
  custom:audio-encoder-webm-vorbis: bf7c407c2cedff20999df2af8eb42d56 -> 
========================================================================
Received Import Request.
  Time since last request: 68.280877 seconds.
  path: Assets/Prefabs/SlamEffectPrefab.prefab
  artifactKey: Guid(f6320fd24e43cf34aa28dca9da75ec53) Importer(815301076,1909f56bfc062723c751e8b465ee728b)
Start importing Assets/Prefabs/SlamEffectPrefab.prefab using Guid(f6320fd24e43cf34aa28dca9da75ec53) Importer(815301076,1909f56bfc062723c751e8b465ee728b)  -> (artifact id: '94946e15f243f8009ab9590a0dcc0b11') in 0.043566 seconds 
  Import took 0.047170 seconds .

========================================================================
Received Import Request.
  Time since last request: 0.368678 seconds.
  path: Assets/Prefabs/SlamEffectPrefab.prefab
  artifactKey: Guid(f6320fd24e43cf34aa28dca9da75ec53) Importer(815301076,1909f56bfc062723c751e8b465ee728b)
Start importing Assets/Prefabs/SlamEffectPrefab.prefab using Guid(f6320fd24e43cf34aa28dca9da75ec53) Importer(815301076,1909f56bfc062723c751e8b465ee728b)  -> (artifact id: '78cd38b8a0919ac2e1793002d731ae55') in 0.011554 seconds 
  Import took 0.015209 seconds .

========================================================================
Received Import Request.
  Time since last request: 13.096691 seconds.
  path: Assets/Prefabs/SlamEffectPrefab.prefab
  artifactKey: Guid(f6320fd24e43cf34aa28dca9da75ec53) Importer(815301076,1909f56bfc062723c751e8b465ee728b)
Start importing Assets/Prefabs/SlamEffectPrefab.prefab using Guid(f6320fd24e43cf34aa28dca9da75ec53) Importer(815301076,1909f56bfc062723c751e8b465ee728b)  -> (artifact id: 'a6e7e4b7d0679bb4b0125ae0a22fb2c1') in 0.015028 seconds 
  Import took 0.018899 seconds .

========================================================================
Received Import Request.
  Time since last request: 20.144444 seconds.
  path: Assets/Prefabs/SlamEffectPrefab.prefab
  artifactKey: Guid(f6320fd24e43cf34aa28dca9da75ec53) Importer(815301076,1909f56bfc062723c751e8b465ee728b)
Start importing Assets/Prefabs/SlamEffectPrefab.prefab using Guid(f6320fd24e43cf34aa28dca9da75ec53) Importer(815301076,1909f56bfc062723c751e8b465ee728b)  -> (artifact id: '630419abb4efb588ea4edd5a44346dd1') in 0.013163 seconds 
  Import took 0.017690 seconds .

========================================================================
Received Import Request.
  Time since last request: 1.381874 seconds.
  path: Assets/Prefabs/SlamEffectPrefab.prefab
  artifactKey: Guid(f6320fd24e43cf34aa28dca9da75ec53) Importer(815301076,1909f56bfc062723c751e8b465ee728b)
Start importing Assets/Prefabs/SlamEffectPrefab.prefab using Guid(f6320fd24e43cf34aa28dca9da75ec53) Importer(815301076,1909f56bfc062723c751e8b465ee728b)  -> (artifact id: 'df2f14f017f961eed0e029dceb17ff45') in 0.013044 seconds 
  Import took 0.017235 seconds .

========================================================================
Received Import Request.
  Time since last request: 1.988995 seconds.
  path: Assets/Prefabs/SlamEffectPrefab.prefab
  artifactKey: Guid(f6320fd24e43cf34aa28dca9da75ec53) Importer(815301076,1909f56bfc062723c751e8b465ee728b)
Start importing Assets/Prefabs/SlamEffectPrefab.prefab using Guid(f6320fd24e43cf34aa28dca9da75ec53) Importer(815301076,1909f56bfc062723c751e8b465ee728b)  -> (artifact id: '3f5e8200b117f81f473e29934fc658e6') in 0.011069 seconds 
  Import took 0.014863 seconds .

========================================================================
Received Import Request.
  Time since last request: 5.844928 seconds.
  path: Assets/Prefabs/SlamEffectPrefab.prefab
  artifactKey: Guid(f6320fd24e43cf34aa28dca9da75ec53) Importer(815301076,1909f56bfc062723c751e8b465ee728b)
Start importing Assets/Prefabs/SlamEffectPrefab.prefab using Guid(f6320fd24e43cf34aa28dca9da75ec53) Importer(815301076,1909f56bfc062723c751e8b465ee728b)  -> (artifact id: 'b193be4e1578a4442c08ce9bb45445fd') in 0.019596 seconds 
  Import took 0.024107 seconds .

========================================================================
Received Import Request.
  Time since last request: 3.644871 seconds.
  path: Assets/Prefabs/SlamEffectPrefab.prefab
  artifactKey: Guid(f6320fd24e43cf34aa28dca9da75ec53) Importer(815301076,1909f56bfc062723c751e8b465ee728b)
Start importing Assets/Prefabs/SlamEffectPrefab.prefab using Guid(f6320fd24e43cf34aa28dca9da75ec53) Importer(815301076,1909f56bfc062723c751e8b465ee728b)  -> (artifact id: '6336cb35f0f98f8fb7f5043f487d8ce7') in 0.016899 seconds 
  Import took 0.021061 seconds .

========================================================================
Received Prepare
Registering precompiled user dll's ...
Registered in 0.002616 seconds.
Begin MonoManager ReloadAssembly
Native extension for WindowsStandalone target not found
Refreshing native plugins compatible for Editor in 0.61 ms, found 3 plugins.
Preloading 0 native plugins for Editor in 0.00 ms.
Mono: successfully reloaded assembly
- Completed reload, in  0.964 seconds
Domain Reload Profiling:
	ReloadAssembly (965ms)
		BeginReloadAssembly (93ms)
			ExecutionOrderSort (0ms)
			DisableScriptedObjects (5ms)
			BackupInstance (0ms)
			ReleaseScriptingObjects (0ms)
			CreateAndSetChildDomain (31ms)
		EndReloadAssembly (819ms)
			LoadAssemblies (73ms)
			RebuildTransferFunctionScriptingTraits (0ms)
			SetupTypeCache (260ms)
			ReleaseScriptCaches (1ms)
			RebuildScriptCaches (41ms)
			SetupLoadedEditorAssemblies (346ms)
				LogAssemblyErrors (0ms)
				InitializePlatformSupportModulesInManaged (4ms)
				SetLoadedEditorAssemblies (0ms)
				RefreshPlugins (1ms)
				BeforeProcessingInitializeOnLoad (67ms)
				ProcessInitializeOnLoadAttributes (266ms)
				ProcessInitializeOnLoadMethodAttributes (6ms)
				AfterProcessingInitializeOnLoad (2ms)
				EditorAssembliesLoaded (0ms)
			ExecutionOrderSort2 (0ms)
			AwakeInstancesAfterBackupRestoration (11ms)
Platform modules already initialized, skipping
Refreshing native plugins compatible for Editor in 0.58 ms, found 3 plugins.
Preloading 0 native plugins for Editor in 0.00 ms.
Unloading 2379 Unused Serialized files (Serialized files now loaded: 0)
System memory in use before: 125.4 MB.
System memory in use after: 125.7 MB.

Unloading 18 unused Assets to reduce memory usage. Loaded Objects now: 2866.
Total: 3.367000 ms (FindLiveObjects: 0.252300 ms CreateObjectMapping: 0.064900 ms MarkObjects: 3.032900 ms  DeleteObjects: 0.015800 ms)

AssetImportParameters requested are different than current active one (requested -> active):
  custom:framework-win-MediaFoundation: 216162199b28c13a410421893ffa2e32 -> 
  custom:video-decoder-ogg-theora: a1e56fd34408186e4bbccfd4996cb3dc -> 
  custom:container-muxer-webm: aa71ff27fc2769a1b78a27578f13a17b -> 
  custom:container-demuxer-webm: 4f35f7cbe854078d1ac9338744f61a02 -> 
  custom:container-demuxer-ogg: 62fdf1f143b41e24485cea50d1cbac27 -> 
  custom:video-encoder-webm-vp8: eb34c28f22e8b96e1ab97ce403110664 -> 
  custom:video-decoder-webm-vp8: 9c59270c3fd7afecdb556c50c9e8de78 -> 
  custom:audio-decoder-ogg-vorbis: bf7c407c2cedff20999df2af8eb42d56 -> 
  custom:audio-encoder-webm-vorbis: bf7c407c2cedff20999df2af8eb42d56 -> 
AssetImportWorkerClient::OnTransportError - code=2 error=End of file
